i= 0  time = 2.09808349609e-05 for simu  results/N1d3alpha2NT40000Nrho30NQ50/Veta-30-200-50-0.0-4.5-moinsomega-flotXZ
kappa= 4.5
Traceback (most recent call last):
  File "main.py", line 29, in <module>
    phase,etaZPlot,etaXPlot,Vplot=step_dicho(Vinit) #phase=0 : low temp, =1, high temp
  File "/users/invites/duclut/Documents/git/step_dicho.py", line 18, in step_dicho
    V,etaZ,etaX=time_step(V,etaZ,etaX)
  File "/users/invites/duclut/Documents/git/time_step.py", line 16, in time_step
    dtV,dtZ,dtX = eqFlot(V+dt/2.*V2,etaZ,etaX)
  File "/users/invites/duclut/Documents/git/eq_flot.py", line 23, in eqFlot
    Vdyn[k]=eqV(Vp[k],f,s1R,s12R,s2,hLo,hTo)
  File "/users/invites/duclut/Documents/git/eq_flot.py", line 37, in eqV
    hLo*hTo[::-1,:]**2*hTo**2*s12R*f+\
KeyboardInterrupt
i= 0  time = 3.09944152832e-05 for simu  results/N1d3alpha2NT40000Nrho30NQ50/Veta-30-200-50-1.0-4.5-moinsomega-flotXZ
kappa= 4.5
i= 1  time = 126.946158886 for simu  results/N1d3alpha2NT40000Nrho30NQ50/Veta-30-200-50-1.0-4.5-moinsomega-flotXZ
kappa= 5.25
i= 2  time = 302.614744902 for simu  results/N1d3alpha2NT40000Nrho30NQ50/Veta-30-200-50-1.0-4.5-moinsomega-flotXZ
kappa= 5.625
i= 3  time = 510.571623087 for simu  results/N1d3alpha2NT40000Nrho30NQ50/Veta-30-200-50-1.0-4.5-moinsomega-flotXZ
kappa= 5.8125
i= 4  time = 739.655555964 for simu  results/N1d3alpha2NT40000Nrho30NQ50/Veta-30-200-50-1.0-4.5-moinsomega-flotXZ
kappa= 5.90625
i= 5  time = 977.529571056 for simu  results/N1d3alpha2NT40000Nrho30NQ50/Veta-30-200-50-1.0-4.5-moinsomega-flotXZ
kappa= 5.953125
i= 6  time = 1221.7053721 for simu  results/N1d3alpha2NT40000Nrho30NQ50/Veta-30-200-50-1.0-4.5-moinsomega-flotXZ
kappa= 5.9765625
i= 7  time = 1469.98436689 for simu  results/N1d3alpha2NT40000Nrho30NQ50/Veta-30-200-50-1.0-4.5-moinsomega-flotXZ
kappa= 5.98828125
i= 8  time = 1719.82756996 for simu  results/N1d3alpha2NT40000Nrho30NQ50/Veta-30-200-50-1.0-4.5-moinsomega-flotXZ
kappa= 5.994140625
i= 9  time = 1970.68005705 for simu  results/N1d3alpha2NT40000Nrho30NQ50/Veta-30-200-50-1.0-4.5-moinsomega-flotXZ
kappa= 5.9970703125
i= 10  time = 2220.49364996 for simu  results/N1d3alpha2NT40000Nrho30NQ50/Veta-30-200-50-1.0-4.5-moinsomega-flotXZ
kappa= 5.99853515625
i= 11  time = 2469.93972492 for simu  results/N1d3alpha2NT40000Nrho30NQ50/Veta-30-200-50-1.0-4.5-moinsomega-flotXZ
kappa= 5.99926757812
i= 12  time = 2719.37535095 for simu  results/N1d3alpha2NT40000Nrho30NQ50/Veta-30-200-50-1.0-4.5-moinsomega-flotXZ
kappa= 5.99963378906
i= 13  time = 2969.88371706 for simu  results/N1d3alpha2NT40000Nrho30NQ50/Veta-30-200-50-1.0-4.5-moinsomega-flotXZ
kappa= 5.99981689453
i= 14  time = 3221.11579204 for simu  results/N1d3alpha2NT40000Nrho30NQ50/Veta-30-200-50-1.0-4.5-moinsomega-flotXZ
kappa= 5.99990844727
i= 15  time = 3473.63649607 for simu  results/N1d3alpha2NT40000Nrho30NQ50/Veta-30-200-50-1.0-4.5-moinsomega-flotXZ
kappa= 5.99995422363
i= 16  time = 3730.43674397 for simu  results/N1d3alpha2NT40000Nrho30NQ50/Veta-30-200-50-1.0-4.5-moinsomega-flotXZ
kappa= 5.99997711182
i= 17  time = 3994.00643086 for simu  results/N1d3alpha2NT40000Nrho30NQ50/Veta-30-200-50-1.0-4.5-moinsomega-flotXZ
kappa= 5.99998855591
i= 18  time = 4259.05435109 for simu  results/N1d3alpha2NT40000Nrho30NQ50/Veta-30-200-50-1.0-4.5-moinsomega-flotXZ
kappa= 5.99999427795
i= 19  time = 4527.38931394 for simu  results/N1d3alpha2NT40000Nrho30NQ50/Veta-30-200-50-1.0-4.5-moinsomega-flotXZ
kappa= 5.99999713898
i= 20  time = 4794.22800899 for simu  results/N1d3alpha2NT40000Nrho30NQ50/Veta-30-200-50-1.0-4.5-moinsomega-flotXZ
kappa= 5.99999856949
i= 21  time = 5062.41749787 for simu  results/N1d3alpha2NT40000Nrho30NQ50/Veta-30-200-50-1.0-4.5-moinsomega-flotXZ
kappa= 5.99999928474
i= 22  time = 5329.45332599 for simu  results/N1d3alpha2NT40000Nrho30NQ50/Veta-30-200-50-1.0-4.5-moinsomega-flotXZ
kappa= 5.99999964237
i= 23  time = 5597.36132503 for simu  results/N1d3alpha2NT40000Nrho30NQ50/Veta-30-200-50-1.0-4.5-moinsomega-flotXZ
kappa= 5.99999982119
i= 24  time = 5865.49594307 for simu  results/N1d3alpha2NT40000Nrho30NQ50/Veta-30-200-50-1.0-4.5-moinsomega-flotXZ
kappa= 5.99999991059
i= 25  time = 6134.20725393 for simu  results/N1d3alpha2NT40000Nrho30NQ50/Veta-30-200-50-1.0-4.5-moinsomega-flotXZ
kappa= 5.9999999553
i= 26  time = 6402.49691796 for simu  results/N1d3alpha2NT40000Nrho30NQ50/Veta-30-200-50-1.0-4.5-moinsomega-flotXZ
kappa= 5.99999997765
i= 27  time = 6666.53058791 for simu  results/N1d3alpha2NT40000Nrho30NQ50/Veta-30-200-50-1.0-4.5-moinsomega-flotXZ
kappa= 5.99999998882
i= 28  time = 6920.5117259 for simu  results/N1d3alpha2NT40000Nrho30NQ50/Veta-30-200-50-1.0-4.5-moinsomega-flotXZ
kappa= 5.99999999441
i= 29  time = 7174.61840296 for simu  results/N1d3alpha2NT40000Nrho30NQ50/Veta-30-200-50-1.0-4.5-moinsomega-flotXZ
kappa= 5.99999999721
SIMU beta= 1.0  IS TERMINAOUCH after  7441.54522991 seconds
i= 0  time = 2.28881835938e-05 for simu  results/N1d3alpha2NT40000Nrho30NQ50/Veta-30-200-50-0.5-4.5-moinsomega-flotXZ
kappa= 4.5
i= 1  time = 268.33199501 for simu  results/N1d3alpha2NT40000Nrho30NQ50/Veta-30-200-50-0.5-4.5-moinsomega-flotXZ
kappa= 5.25
i= 2  time = 767.120925903 for simu  results/N1d3alpha2NT40000Nrho30NQ50/Veta-30-200-50-0.5-4.5-moinsomega-flotXZ
kappa= 4.875
i= 3  time = 1144.93854094 for simu  results/N1d3alpha2NT40000Nrho30NQ50/Veta-30-200-50-0.5-4.5-moinsomega-flotXZ
kappa= 5.0625
i= 4  time = 1646.5508759 for simu  results/N1d3alpha2NT40000Nrho30NQ50/Veta-30-200-50-0.5-4.5-moinsomega-flotXZ
kappa= 5.15625
i= 5  time = 2337.23286986 for simu  results/N1d3alpha2NT40000Nrho30NQ50/Veta-30-200-50-0.5-4.5-moinsomega-flotXZ
kappa= 5.203125
i= 6  time = 2998.55205894 for simu  results/N1d3alpha2NT40000Nrho30NQ50/Veta-30-200-50-0.5-4.5-moinsomega-flotXZ
kappa= 5.1796875
i= 7  time = 3893.16715193 for simu  results/N1d3alpha2NT40000Nrho30NQ50/Veta-30-200-50-0.5-4.5-moinsomega-flotXZ
kappa= 5.19140625
i= 8  time = 4718.92612791 for simu  results/N1d3alpha2NT40000Nrho30NQ50/Veta-30-200-50-0.5-4.5-moinsomega-flotXZ
kappa= 5.185546875
i= 9  time = 6034.28573203 for simu  results/N1d3alpha2NT40000Nrho30NQ50/Veta-30-200-50-0.5-4.5-moinsomega-flotXZ
kappa= 5.1884765625
i= 10  time = 6966.44302487 for simu  results/N1d3alpha2NT40000Nrho30NQ50/Veta-30-200-50-0.5-4.5-moinsomega-flotXZ
kappa= 5.18701171875
i= 11  time = 7997.45044708 for simu  results/N1d3alpha2NT40000Nrho30NQ50/Veta-30-200-50-0.5-4.5-moinsomega-flotXZ
kappa= 5.18627929688
i= 12  time = 9157.80035305 for simu  results/N1d3alpha2NT40000Nrho30NQ50/Veta-30-200-50-0.5-4.5-moinsomega-flotXZ
kappa= 5.18591308594
i= 13  time = 10652.2491081 for simu  results/N1d3alpha2NT40000Nrho30NQ50/Veta-30-200-50-0.5-4.5-moinsomega-flotXZ
kappa= 5.18572998047
i= 14  time = 12047.2476349 for simu  results/N1d3alpha2NT40000Nrho30NQ50/Veta-30-200-50-0.5-4.5-moinsomega-flotXZ
kappa= 5.1858215332
i= 15  time = 13573.5975621 for simu  results/N1d3alpha2NT40000Nrho30NQ50/Veta-30-200-50-0.5-4.5-moinsomega-flotXZ
kappa= 5.18586730957
i= 16  time = 15298.504674 for simu  results/N1d3alpha2NT40000Nrho30NQ50/Veta-30-200-50-0.5-4.5-moinsomega-flotXZ
kappa= 5.18589019775
i= 17  time = 16964.8089089 for simu  results/N1d3alpha2NT40000Nrho30NQ50/Veta-30-200-50-0.5-4.5-moinsomega-flotXZ
kappa= 5.18587875366
i= 18  time = 18925.00806 for simu  results/N1d3alpha2NT40000Nrho30NQ50/Veta-30-200-50-0.5-4.5-moinsomega-flotXZ
kappa= 5.18588447571
i= 19  time = 20724.7148111 for simu  results/N1d3alpha2NT40000Nrho30NQ50/Veta-30-200-50-0.5-4.5-moinsomega-flotXZ
kappa= 5.18588161469
i= 20  time = 22758.5110929 for simu  results/N1d3alpha2NT40000Nrho30NQ50/Veta-30-200-50-0.5-4.5-moinsomega-flotXZ
kappa= 5.18588018417
i= 21  time = 24847.798125 for simu  results/N1d3alpha2NT40000Nrho30NQ50/Veta-30-200-50-0.5-4.5-moinsomega-flotXZ
kappa= 5.18588089943
i= 22  time = 27207.3458099 for simu  results/N1d3alpha2NT40000Nrho30NQ50/Veta-30-200-50-0.5-4.5-moinsomega-flotXZ
kappa= 5.18588125706
i= 23  time = 29376.7236569 for simu  results/N1d3alpha2NT40000Nrho30NQ50/Veta-30-200-50-0.5-4.5-moinsomega-flotXZ
kappa= 5.18588107824
i= 24  time = 31711.7529299 for simu  results/N1d3alpha2NT40000Nrho30NQ50/Veta-30-200-50-0.5-4.5-moinsomega-flotXZ
kappa= 5.18588098884
i= 25  time = 34254.55546 for simu  results/N1d3alpha2NT40000Nrho30NQ50/Veta-30-200-50-0.5-4.5-moinsomega-flotXZ
kappa= 5.18588103354
i= 26  time = 36736.6953161 for simu  results/N1d3alpha2NT40000Nrho30NQ50/Veta-30-200-50-0.5-4.5-moinsomega-flotXZ
kappa= 5.18588101119
i= 27  time = 39520.627203 for simu  results/N1d3alpha2NT40000Nrho30NQ50/Veta-30-200-50-0.5-4.5-moinsomega-flotXZ
kappa= 5.18588102236
i= 28  time = 42164.0670409 for simu  results/N1d3alpha2NT40000Nrho30NQ50/Veta-30-200-50-0.5-4.5-moinsomega-flotXZ
kappa= 5.18588101678
i= 29  time = 45057.1689329 for simu  results/N1d3alpha2NT40000Nrho30NQ50/Veta-30-200-50-0.5-4.5-moinsomega-flotXZ
kappa= 5.18588101398
SIMU beta= 0.5  IS TERMINAOUCH after  47976.5660551 seconds
i= 0  time = 2.59876251221e-05 for simu  results/N1d3alpha2NT40000Nrho30NQ50/Veta-30-200-50-0.1-4.5-moinsomega-flotXZ
kappa= 4.5
i= 1  time = 227.35514617 for simu  results/N1d3alpha2NT40000Nrho30NQ50/Veta-30-200-50-0.1-4.5-moinsomega-flotXZ
kappa= 3.75
i= 2  time = 679.893320084 for simu  results/N1d3alpha2NT40000Nrho30NQ50/Veta-30-200-50-0.1-4.5-moinsomega-flotXZ
kappa= 4.125
i= 3  time = 1038.16420317 for simu  results/N1d3alpha2NT40000Nrho30NQ50/Veta-30-200-50-0.1-4.5-moinsomega-flotXZ
kappa= 3.9375
i= 4  time = 1608.49103904 for simu  results/N1d3alpha2NT40000Nrho30NQ50/Veta-30-200-50-0.1-4.5-moinsomega-flotXZ
kappa= 3.84375
i= 5  time = 2220.1211772 for simu  results/N1d3alpha2NT40000Nrho30NQ50/Veta-30-200-50-0.1-4.5-moinsomega-flotXZ
kappa= 3.890625
i= 6  time = 3531.7295692 for simu  results/N1d3alpha2NT40000Nrho30NQ50/Veta-30-200-50-0.1-4.5-moinsomega-flotXZ
kappa= 3.8671875
i= 7  time = 4240.99137211 for simu  results/N1d3alpha2NT40000Nrho30NQ50/Veta-30-200-50-0.1-4.5-moinsomega-flotXZ
kappa= 3.87890625
i= 8  time = 5046.64460421 for simu  results/N1d3alpha2NT40000Nrho30NQ50/Veta-30-200-50-0.1-4.5-moinsomega-flotXZ
kappa= 3.884765625
i= 9  time = 5948.07608008 for simu  results/N1d3alpha2NT40000Nrho30NQ50/Veta-30-200-50-0.1-4.5-moinsomega-flotXZ
kappa= 3.8876953125
i= 10  time = 6972.88928604 for simu  results/N1d3alpha2NT40000Nrho30NQ50/Veta-30-200-50-0.1-4.5-moinsomega-flotXZ
kappa= 3.88916015625
i= 11  time = 8076.90984201 for simu  results/N1d3alpha2NT40000Nrho30NQ50/Veta-30-200-50-0.1-4.5-moinsomega-flotXZ
kappa= 3.88989257812
i= 12  time = 9262.31767416 for simu  results/N1d3alpha2NT40000Nrho30NQ50/Veta-30-200-50-0.1-4.5-moinsomega-flotXZ
kappa= 3.89025878906
i= 13  time = 10605.3341942 for simu  results/N1d3alpha2NT40000Nrho30NQ50/Veta-30-200-50-0.1-4.5-moinsomega-flotXZ
kappa= 3.89044189453
i= 14  time = 12196.9211352 for simu  results/N1d3alpha2NT40000Nrho30NQ50/Veta-30-200-50-0.1-4.5-moinsomega-flotXZ
kappa= 3.8903503418
i= 15  time = 13659.314666 for simu  results/N1d3alpha2NT40000Nrho30NQ50/Veta-30-200-50-0.1-4.5-moinsomega-flotXZ
kappa= 3.89039611816
i= 16  time = 15258.0204742 for simu  results/N1d3alpha2NT40000Nrho30NQ50/Veta-30-200-50-0.1-4.5-moinsomega-flotXZ
kappa= 3.89041900635
i= 17  time = 17066.8239942 for simu  results/N1d3alpha2NT40000Nrho30NQ50/Veta-30-200-50-0.1-4.5-moinsomega-flotXZ
kappa= 3.89043045044
i= 18  time = 18819.973886 for simu  results/N1d3alpha2NT40000Nrho30NQ50/Veta-30-200-50-0.1-4.5-moinsomega-flotXZ
kappa= 3.89042472839
i= 19  time = 21001.9022841 for simu  results/N1d3alpha2NT40000Nrho30NQ50/Veta-30-200-50-0.1-4.5-moinsomega-flotXZ
kappa= 3.89042758942
i= 20  time = 22875.3888502 for simu  results/N1d3alpha2NT40000Nrho30NQ50/Veta-30-200-50-0.1-4.5-moinsomega-flotXZ
kappa= 3.89042615891
i= 21  time = 24869.3884702 for simu  results/N1d3alpha2NT40000Nrho30NQ50/Veta-30-200-50-0.1-4.5-moinsomega-flotXZ
kappa= 3.89042544365
i= 22  time = 27018.1681252 for simu  results/N1d3alpha2NT40000Nrho30NQ50/Veta-30-200-50-0.1-4.5-moinsomega-flotXZ
kappa= 3.89042508602
i= 23  time = 29549.4815042 for simu  results/N1d3alpha2NT40000Nrho30NQ50/Veta-30-200-50-0.1-4.5-moinsomega-flotXZ
kappa= 3.89042490721
i= 24  time = 31860.353734 for simu  results/N1d3alpha2NT40000Nrho30NQ50/Veta-30-200-50-0.1-4.5-moinsomega-flotXZ
kappa= 3.89042499661
i= 25  time = 34279.7741022 for simu  results/N1d3alpha2NT40000Nrho30NQ50/Veta-30-200-50-0.1-4.5-moinsomega-flotXZ
kappa= 3.89042504132
i= 26  time = 36847.6313231 for simu  results/N1d3alpha2NT40000Nrho30NQ50/Veta-30-200-50-0.1-4.5-moinsomega-flotXZ
kappa= 3.89042506367
i= 27  time = 39933.4324691 for simu  results/N1d3alpha2NT40000Nrho30NQ50/Veta-30-200-50-0.1-4.5-moinsomega-flotXZ
kappa= 3.89042507485
i= 28  time = 42555.2431791 for simu  results/N1d3alpha2NT40000Nrho30NQ50/Veta-30-200-50-0.1-4.5-moinsomega-flotXZ
kappa= 3.89042506926
i= 29  time = 45277.8921411 for simu  results/N1d3alpha2NT40000Nrho30NQ50/Veta-30-200-50-0.1-4.5-moinsomega-flotXZ
kappa= 3.89042506646
SIMU beta= 0.1  IS TERMINAOUCH after  48084.7731092 seconds
i= 0  time = 2.59876251221e-05 for simu  results/N1d3alpha2NT40000Nrho30NQ50/Veta-30-200-50-0.05-4.5-moinsomega-flotXZ
kappa= 4.5
i= 1  time = 244.83907795 for simu  results/N1d3alpha2NT40000Nrho30NQ50/Veta-30-200-50-0.05-4.5-moinsomega-flotXZ
kappa= 3.75
i= 2  time = 735.936919928 for simu  results/N1d3alpha2NT40000Nrho30NQ50/Veta-30-200-50-0.05-4.5-moinsomega-flotXZ
kappa= 4.125
i= 3  time = 1089.07475495 for simu  results/N1d3alpha2NT40000Nrho30NQ50/Veta-30-200-50-0.05-4.5-moinsomega-flotXZ
kappa= 3.9375
i= 4  time = 1620.41860104 for simu  results/N1d3alpha2NT40000Nrho30NQ50/Veta-30-200-50-0.05-4.5-moinsomega-flotXZ
kappa= 3.84375
i= 5  time = 2344.47595882 for simu  results/N1d3alpha2NT40000Nrho30NQ50/Veta-30-200-50-0.05-4.5-moinsomega-flotXZ
kappa= 3.890625
i= 6  time = 3019.42183304 for simu  results/N1d3alpha2NT40000Nrho30NQ50/Veta-30-200-50-0.05-4.5-moinsomega-flotXZ
kappa= 3.8671875
i= 7  time = 4587.45331192 for simu  results/N1d3alpha2NT40000Nrho30NQ50/Veta-30-200-50-0.05-4.5-moinsomega-flotXZ
kappa= 3.87890625
i= 8  time = 5356.65560484 for simu  results/N1d3alpha2NT40000Nrho30NQ50/Veta-30-200-50-0.05-4.5-moinsomega-flotXZ
kappa= 3.873046875
i= 9  time = 6216.77233791 for simu  results/N1d3alpha2NT40000Nrho30NQ50/Veta-30-200-50-0.05-4.5-moinsomega-flotXZ
kappa= 3.8701171875
i= 10  time = 7172.67040682 for simu  results/N1d3alpha2NT40000Nrho30NQ50/Veta-30-200-50-0.05-4.5-moinsomega-flotXZ
kappa= 3.86865234375
i= 11  time = 8215.70582581 for simu  results/N1d3alpha2NT40000Nrho30NQ50/Veta-30-200-50-0.05-4.5-moinsomega-flotXZ
kappa= 3.86791992188
i= 12  time = 9352.1643939 for simu  results/N1d3alpha2NT40000Nrho30NQ50/Veta-30-200-50-0.05-4.5-moinsomega-flotXZ
kappa= 3.86755371094
i= 13  time = 10588.8097608 for simu  results/N1d3alpha2NT40000Nrho30NQ50/Veta-30-200-50-0.05-4.5-moinsomega-flotXZ
kappa= 3.86737060547
i= 14  time = 11945.3893719 for simu  results/N1d3alpha2NT40000Nrho30NQ50/Veta-30-200-50-0.05-4.5-moinsomega-flotXZ
kappa= 3.86727905273
i= 15  time = 13452.6080389 for simu  results/N1d3alpha2NT40000Nrho30NQ50/Veta-30-200-50-0.05-4.5-moinsomega-flotXZ
kappa= 3.86723327637
i= 16  time = 15749.194031 for simu  results/N1d3alpha2NT40000Nrho30NQ50/Veta-30-200-50-0.05-4.5-moinsomega-flotXZ
kappa= 3.86721038818
i= 17  time = 17379.2398129 for simu  results/N1d3alpha2NT40000Nrho30NQ50/Veta-30-200-50-0.05-4.5-moinsomega-flotXZ
kappa= 3.86722183228
i= 18  time = 19104.5265648 for simu  results/N1d3alpha2NT40000Nrho30NQ50/Veta-30-200-50-0.05-4.5-moinsomega-flotXZ
kappa= 3.86722755432
i= 19  time = 20932.7502289 for simu  results/N1d3alpha2NT40000Nrho30NQ50/Veta-30-200-50-0.05-4.5-moinsomega-flotXZ
kappa= 3.86723041534
i= 20  time = 22853.3884468 for simu  results/N1d3alpha2NT40000Nrho30NQ50/Veta-30-200-50-0.05-4.5-moinsomega-flotXZ
kappa= 3.86723184586
i= 21  time = 24881.488945 for simu  results/N1d3alpha2NT40000Nrho30NQ50/Veta-30-200-50-0.05-4.5-moinsomega-flotXZ
kappa= 3.86723256111
i= 22  time = 27006.356215 for simu  results/N1d3alpha2NT40000Nrho30NQ50/Veta-30-200-50-0.05-4.5-moinsomega-flotXZ
kappa= 3.86723291874
i= 23  time = 29247.341728 for simu  results/N1d3alpha2NT40000Nrho30NQ50/Veta-30-200-50-0.05-4.5-moinsomega-flotXZ
kappa= 3.86723309755
i= 24  time = 31676.7538588 for simu  results/N1d3alpha2NT40000Nrho30NQ50/Veta-30-200-50-0.05-4.5-moinsomega-flotXZ
kappa= 3.86723318696
i= 25  time = 34177.075176 for simu  results/N1d3alpha2NT40000Nrho30NQ50/Veta-30-200-50-0.05-4.5-moinsomega-flotXZ
kappa= 3.86723314226
i= 26  time = 36776.164947 for simu  results/N1d3alpha2NT40000Nrho30NQ50/Veta-30-200-50-0.05-4.5-moinsomega-flotXZ
kappa= 3.86723316461
i= 27  time = 39447.5967419 for simu  results/N1d3alpha2NT40000Nrho30NQ50/Veta-30-200-50-0.05-4.5-moinsomega-flotXZ
kappa= 3.86723315343
i= 28  time = 42219.574719 for simu  results/N1d3alpha2NT40000Nrho30NQ50/Veta-30-200-50-0.05-4.5-moinsomega-flotXZ
kappa= 3.86723315902
i= 29  time = 45118.1542149 for simu  results/N1d3alpha2NT40000Nrho30NQ50/Veta-30-200-50-0.05-4.5-moinsomega-flotXZ
kappa= 3.86723315623
SIMU beta= 0.05  IS TERMINAOUCH after  48030.0960159 seconds
i= 0  time = 3.2901763916e-05 for simu  results/N1d3alpha2NT40000Nrho30NQ50/Veta-30-200-50-0.0-4.5-moinsomega-flotXZ
kappa= 4.5
i= 1  time = 245.247350931 for simu  results/N1d3alpha2NT40000Nrho30NQ50/Veta-30-200-50-0.0-4.5-moinsomega-flotXZ
kappa= 3.75
i= 2  time = 651.878174782 for simu  results/N1d3alpha2NT40000Nrho30NQ50/Veta-30-200-50-0.0-4.5-moinsomega-flotXZ
kappa= 4.125
i= 3  time = 1051.34741998 for simu  results/N1d3alpha2NT40000Nrho30NQ50/Veta-30-200-50-0.0-4.5-moinsomega-flotXZ
kappa= 3.9375
i= 4  time = 1887.38878083 for simu  results/N1d3alpha2NT40000Nrho30NQ50/Veta-30-200-50-0.0-4.5-moinsomega-flotXZ
kappa= 4.03125
i= 5  time = 2396.39186597 for simu  results/N1d3alpha2NT40000Nrho30NQ50/Veta-30-200-50-0.0-4.5-moinsomega-flotXZ
kappa= 3.984375
i= 6  time = 3003.59520578 for simu  results/N1d3alpha2NT40000Nrho30NQ50/Veta-30-200-50-0.0-4.5-moinsomega-flotXZ
kappa= 3.9609375
i= 7  time = 3768.96245289 for simu  results/N1d3alpha2NT40000Nrho30NQ50/Veta-30-200-50-0.0-4.5-moinsomega-flotXZ
kappa= 3.94921875
i= 8  time = 4811.86380696 for simu  results/N1d3alpha2NT40000Nrho30NQ50/Veta-30-200-50-0.0-4.5-moinsomega-flotXZ
kappa= 3.943359375
i= 9  time = 5761.81934881 for simu  results/N1d3alpha2NT40000Nrho30NQ50/Veta-30-200-50-0.0-4.5-moinsomega-flotXZ
kappa= 3.9462890625
i= 10  time = 6879.79495287 for simu  results/N1d3alpha2NT40000Nrho30NQ50/Veta-30-200-50-0.0-4.5-moinsomega-flotXZ
kappa= 3.94775390625
i= 11  time = 8181.50296283 for simu  results/N1d3alpha2NT40000Nrho30NQ50/Veta-30-200-50-0.0-4.5-moinsomega-flotXZ
kappa= 3.94702148438
i= 12  time = 9407.33038497 for simu  results/N1d3alpha2NT40000Nrho30NQ50/Veta-30-200-50-0.0-4.5-moinsomega-flotXZ
kappa= 3.94738769531
i= 13  time = 10805.1325469 for simu  results/N1d3alpha2NT40000Nrho30NQ50/Veta-30-200-50-0.0-4.5-moinsomega-flotXZ
kappa= 3.94757080078
i= 14  time = 12303.1216679 for simu  results/N1d3alpha2NT40000Nrho30NQ50/Veta-30-200-50-0.0-4.5-moinsomega-flotXZ
kappa= 3.94747924805
i= 15  time = 13854.9969618 for simu  results/N1d3alpha2NT40000Nrho30NQ50/Veta-30-200-50-0.0-4.5-moinsomega-flotXZ
kappa= 3.94752502441
i= 16  time = 15681.87693 for simu  results/N1d3alpha2NT40000Nrho30NQ50/Veta-30-200-50-0.0-4.5-moinsomega-flotXZ
kappa= 3.94750213623
i= 17  time = 17350.5509958 for simu  results/N1d3alpha2NT40000Nrho30NQ50/Veta-30-200-50-0.0-4.5-moinsomega-flotXZ
kappa= 3.94751358032
i= 18  time = 19143.8685448 for simu  results/N1d3alpha2NT40000Nrho30NQ50/Veta-30-200-50-0.0-4.5-moinsomega-flotXZ
kappa= 3.94751930237
i= 19  time = 21186.5264249 for simu  results/N1d3alpha2NT40000Nrho30NQ50/Veta-30-200-50-0.0-4.5-moinsomega-flotXZ
kappa= 3.94752216339
i= 20  time = 23135.586113 for simu  results/N1d3alpha2NT40000Nrho30NQ50/Veta-30-200-50-0.0-4.5-moinsomega-flotXZ
kappa= 3.94752073288
i= 21  time = 25309.3357399 for simu  results/N1d3alpha2NT40000Nrho30NQ50/Veta-30-200-50-0.0-4.5-moinsomega-flotXZ
kappa= 3.94752001762
i= 22  time = 27508.9290979 for simu  results/N1d3alpha2NT40000Nrho30NQ50/Veta-30-200-50-0.0-4.5-moinsomega-flotXZ
kappa= 3.94752037525
i= 23  time = 30054.4399669 for simu  results/N1d3alpha2NT40000Nrho30NQ50/Veta-30-200-50-0.0-4.5-moinsomega-flotXZ
kappa= 3.94752055407
i= 24  time = 32323.1329598 for simu  results/N1d3alpha2NT40000Nrho30NQ50/Veta-30-200-50-0.0-4.5-moinsomega-flotXZ
kappa= 3.94752046466
i= 25  time = 34743.0731108 for simu  results/N1d3alpha2NT40000Nrho30NQ50/Veta-30-200-50-0.0-4.5-moinsomega-flotXZ
kappa= 3.94752041996
i= 26  time = 37336.0332539 for simu  results/N1d3alpha2NT40000Nrho30NQ50/Veta-30-200-50-0.0-4.5-moinsomega-flotXZ
kappa= 3.9475203976
i= 27  time = 40038.2742169 for simu  results/N1d3alpha2NT40000Nrho30NQ50/Veta-30-200-50-0.0-4.5-moinsomega-flotXZ
kappa= 3.94752040878
i= 28  time = 42858.1656539 for simu  results/N1d3alpha2NT40000Nrho30NQ50/Veta-30-200-50-0.0-4.5-moinsomega-flotXZ
kappa= 3.94752040319
i= 29  time = 45726.7350478 for simu  results/N1d3alpha2NT40000Nrho30NQ50/Veta-30-200-50-0.0-4.5-moinsomega-flotXZ
kappa= 3.94752040599
SIMU beta= 0.0  IS TERMINAOUCH after  48805.372659 seconds
i= 0  time = 2.31266021729e-05 for simu  results/N1d3alpha2NT40000Nrho30NQ50/Veta-30-200-50-0.01-4.5-moinsomega-flotXZ
kappa= 4.5
i= 1  time = 245.461223125 for simu  results/N1d3alpha2NT40000Nrho30NQ50/Veta-30-200-50-0.01-4.5-moinsomega-flotXZ
kappa= 3.75
i= 2  time = 674.393712044 for simu  results/N1d3alpha2NT40000Nrho30NQ50/Veta-30-200-50-0.01-4.5-moinsomega-flotXZ
kappa= 4.125
i= 3  time = 1073.89007592 for simu  results/N1d3alpha2NT40000Nrho30NQ50/Veta-30-200-50-0.01-4.5-moinsomega-flotXZ
kappa= 3.9375
i= 4  time = 1818.75956798 for simu  results/N1d3alpha2NT40000Nrho30NQ50/Veta-30-200-50-0.01-4.5-moinsomega-flotXZ
kappa= 3.84375
i= 5  time = 2359.94806004 for simu  results/N1d3alpha2NT40000Nrho30NQ50/Veta-30-200-50-0.01-4.5-moinsomega-flotXZ
kappa= 3.890625
i= 6  time = 3060.61452198 for simu  results/N1d3alpha2NT40000Nrho30NQ50/Veta-30-200-50-0.01-4.5-moinsomega-flotXZ
kappa= 3.9140625
i= 7  time = 3929.67140293 for simu  results/N1d3alpha2NT40000Nrho30NQ50/Veta-30-200-50-0.01-4.5-moinsomega-flotXZ
kappa= 3.92578125
i= 8  time = 4860.49591112 for simu  results/N1d3alpha2NT40000Nrho30NQ50/Veta-30-200-50-0.01-4.5-moinsomega-flotXZ
kappa= 3.919921875
i= 9  time = 5905.59219909 for simu  results/N1d3alpha2NT40000Nrho30NQ50/Veta-30-200-50-0.01-4.5-moinsomega-flotXZ
kappa= 3.9228515625
i= 10  time = 7036.51318908 for simu  results/N1d3alpha2NT40000Nrho30NQ50/Veta-30-200-50-0.01-4.5-moinsomega-flotXZ
kappa= 3.92138671875
i= 11  time = 8237.00512505 for simu  results/N1d3alpha2NT40000Nrho30NQ50/Veta-30-200-50-0.01-4.5-moinsomega-flotXZ
kappa= 3.92211914062
i= 12  time = 9596.04516292 for simu  results/N1d3alpha2NT40000Nrho30NQ50/Veta-30-200-50-0.01-4.5-moinsomega-flotXZ
kappa= 3.92175292969
i= 13  time = 10920.7049031 for simu  results/N1d3alpha2NT40000Nrho30NQ50/Veta-30-200-50-0.01-4.5-moinsomega-flotXZ
kappa= 3.92193603516
i= 14  time = 12444.8295319 for simu  results/N1d3alpha2NT40000Nrho30NQ50/Veta-30-200-50-0.01-4.5-moinsomega-flotXZ
kappa= 3.92202758789
i= 15  time = 13959.92203 for simu  results/N1d3alpha2NT40000Nrho30NQ50/Veta-30-200-50-0.01-4.5-moinsomega-flotXZ
kappa= 3.92198181152
i= 16  time = 15899.498435 for simu  results/N1d3alpha2NT40000Nrho30NQ50/Veta-30-200-50-0.01-4.5-moinsomega-flotXZ
kappa= 3.92200469971
i= 17  time = 17537.777132 for simu  results/N1d3alpha2NT40000Nrho30NQ50/Veta-30-200-50-0.01-4.5-moinsomega-flotXZ
kappa= 3.92199325562
i= 18  time = 19277.755702 for simu  results/N1d3alpha2NT40000Nrho30NQ50/Veta-30-200-50-0.01-4.5-moinsomega-flotXZ
kappa= 3.92198753357
i= 19  time = 21149.5756249 for simu  results/N1d3alpha2NT40000Nrho30NQ50/Veta-30-200-50-0.01-4.5-moinsomega-flotXZ
kappa= 3.92198467255
i= 20  time = 23440.2661431 for simu  results/N1d3alpha2NT40000Nrho30NQ50/Veta-30-200-50-0.01-4.5-moinsomega-flotXZ
kappa= 3.92198324203
i= 21  time = 25454.0998011 for simu  results/N1d3alpha2NT40000Nrho30NQ50/Veta-30-200-50-0.01-4.5-moinsomega-flotXZ
kappa= 3.92198395729
i= 22  time = 27575.7629399 for simu  results/N1d3alpha2NT40000Nrho30NQ50/Veta-30-200-50-0.01-4.5-moinsomega-flotXZ
kappa= 3.92198431492
i= 23  time = 29840.325922 for simu  results/N1d3alpha2NT40000Nrho30NQ50/Veta-30-200-50-0.01-4.5-moinsomega-flotXZ
kappa= 3.92198449373
i= 24  time = 32349.9317269 for simu  results/N1d3alpha2NT40000Nrho30NQ50/Veta-30-200-50-0.01-4.5-moinsomega-flotXZ
kappa= 3.92198458314
i= 25  time = 34779.298244 for simu  results/N1d3alpha2NT40000Nrho30NQ50/Veta-30-200-50-0.01-4.5-moinsomega-flotXZ
kappa= 3.92198453844
i= 26  time = 37441.0269589 for simu  results/N1d3alpha2NT40000Nrho30NQ50/Veta-30-200-50-0.01-4.5-moinsomega-flotXZ
kappa= 3.92198451608
i= 27  time = 40062.1542449 for simu  results/N1d3alpha2NT40000Nrho30NQ50/Veta-30-200-50-0.01-4.5-moinsomega-flotXZ
kappa= 3.92198452726
i= 28  time = 42919.6741731 for simu  results/N1d3alpha2NT40000Nrho30NQ50/Veta-30-200-50-0.01-4.5-moinsomega-flotXZ
kappa= 3.92198453285
i= 29  time = 45715.194119 for simu  results/N1d3alpha2NT40000Nrho30NQ50/Veta-30-200-50-0.01-4.5-moinsomega-flotXZ
kappa= 3.92198453005
SIMU beta= 0.01  IS TERMINAOUCH after  48766.101172 seconds
